<?xml version="1.0" encoding="UTF-8"?>
<testsuite xmlns:xsi="http://www.w3.org/2001/XMLSchema-instance" xsi:noNamespaceSchemaLocation="https://maven.apache.org/surefire/maven-surefire-plugin/xsd/surefire-test-report.xsd" name="domain.model.MicroondasTest" time="0.441" tests="10" errors="0" skipped="0" failures="0">
  <properties>
[...]
</properties>
  <testcase name="deveAssumirPotenciaPadraoQuandoNull" classname="domain.model.MicroondasTest" time="0.003"/>
  <testcase name="deveExecutarInicioRapido" classname="domain.model.MicroondasTest" time="0"/>
  <testcase name="deveFinalizarQuandoTempoZero" classname="domain.model.MicroondasTest" time="0"/>
  <testcase name="deveLancarErroSePotenciaInvalida" classname="domain.model.MicroondasTest" time="0"/>
  <testcase name="deveGerarProcessamentoComBaseNaPotencia" classname="domain.model.MicroondasTest" time="0"/>
  <testcase name="deveLancarErroSeTempoMaiorQue120" classname="domain.model.MicroondasTest" time="0"/>
  <testcase name="deveIniciarComTempoEpotenciaValidos" classname="domain.model.MicroondasTest" time="0"/>
  <testcase name="deveFormatarTempoCorretamente" classname="domain.model.MicroondasTest" time="0"/>
  <testcase name="deveLancarErroSeTempoMenorQueUm" classname="domain.model.MicroondasTest" time="0"/>
  <testcase name="deveDecrementarTempo" classname="domain.model.MicroondasTest" time="0"/>
</testsuite>